<?xml version="1.0" encoding="UTF-8"?>
<testsuite xmlns:xsi="http://www.w3.org/2001/XMLSchema-instance" xsi:noNamespaceSchemaLocation="https://maven.apache.org/surefire/maven-surefire-plugin/xsd/surefire-test-report-3.0.xsd" version="3.0" name="cucumberOptions.TestRunner" time="6.09" tests="3" errors="0" skipped="0" failures="0">
  <properties>
[...]
</properties>
  <testcase name="Deve cadastrar novo usuário" classname="Usuário API" time="4.171">
    <system-out><![CDATA[Request method:	POST
Request URI:	https://serverest.dev/usuarios
Proxy:			<none>
Request params:	<none>
Query params:	<none>
Form params:	<none>
Path params:	<none>
Headers:		Accept=*/*
				Content-Type=application/json; charset=UTF-8
Cookies:		<none>
Multiparts:		<none>
Body:
{
    "nome": "Dr. Dorian Schimmel",
    "email": "corliss.jast@gmail.com",
    "password": "123456",
    "administrador": "true"
}
HTTP/1.1 201 Created
access-control-allow-origin: *
x-dns-prefetch-control: off
x-frame-options: SAMEORIGIN
strict-transport-security: max-age=15552000; includeSubDomains
x-download-options: noopen
x-content-type-options: nosniff
x-xss-protection: 1; mode=block
content-type: application/json; charset=utf-8
X-Cloud-Trace-Context: 03d1603f2d62a047c232f4b1decb658e;o=1
Date: Sun, 24 Mar 2024 13:40:35 GMT
Server: Google Frontend
Content-Length: 82

{
    "message": "Cadastro realizado com sucesso",
    "_id": "Pp29Qg8HHvkGte3A"
}
]]></system-out>
  </testcase>
  <testcase name="Deve consultar usuário cadastrado" classname="Usuário API" time="0.911">
    <system-out><![CDATA[Request method:	POST
Request URI:	https://serverest.dev/usuarios
Proxy:			<none>
Request params:	<none>
Query params:	<none>
Form params:	<none>
Path params:	<none>
Headers:		Accept=*/*
				Content-Type=application/json; charset=UTF-8
Cookies:		<none>
Multiparts:		<none>
Body:
{
    "nome": "Jane Collins",
    "email": "leslee.reichert@yahoo.com",
    "password": "123456",
    "administrador": "true"
}
HTTP/1.1 201 Created
access-control-allow-origin: *
x-dns-prefetch-control: off
x-frame-options: SAMEORIGIN
strict-transport-security: max-age=15552000; includeSubDomains
x-download-options: noopen
x-content-type-options: nosniff
x-xss-protection: 1; mode=block
content-type: application/json; charset=utf-8
X-Cloud-Trace-Context: 30ada19fd2eeab2f7a806fbb2ccbe3a5
Date: Sun, 24 Mar 2024 13:40:36 GMT
Server: Google Frontend
Content-Length: 82

{
    "message": "Cadastro realizado com sucesso",
    "_id": "apA0SaMNRBPcXNv5"
}
Request method:	GET
Request URI:	https://serverest.dev/usuarios/apA0SaMNRBPcXNv5
Proxy:			<none>
Request params:	<none>
Query params:	<none>
Form params:	<none>
Path params:	<none>
Headers:		Accept=*/*
				Content-Type=application/json; charset=UTF-8
Cookies:		<none>
Multiparts:		<none>
Body:			<none>
HTTP/1.1 200 OK
access-control-allow-origin: *
x-dns-prefetch-control: off
x-frame-options: SAMEORIGIN
strict-transport-security: max-age=15552000; includeSubDomains
x-download-options: noopen
x-content-type-options: nosniff
x-xss-protection: 1; mode=block
content-type: application/json; charset=utf-8
X-Cloud-Trace-Context: 27a9d5b50d8441b65a81c5347671746e
Date: Sun, 24 Mar 2024 13:40:37 GMT
Server: Google Frontend
Content-Length: 158

{
    "nome": "Jane Collins",
    "email": "leslee.reichert@yahoo.com",
    "password": "123456",
    "administrador": "true",
    "_id": "apA0SaMNRBPcXNv5"
}
]]></system-out>
  </testcase>
  <testcase name="Deve consultar usuário não cadastrado" classname="Usuário API" time="0.417">
    <system-out><![CDATA[Request method:	GET
Request URI:	https://serverest.dev/usuarios/XPTO
Proxy:			<none>
Request params:	<none>
Query params:	<none>
Form params:	<none>
Path params:	<none>
Headers:		Accept=*/*
				Content-Type=application/json; charset=UTF-8
Cookies:		<none>
Multiparts:		<none>
Body:			<none>
HTTP/1.1 400 Bad Request
access-control-allow-origin: *
x-dns-prefetch-control: off
x-frame-options: SAMEORIGIN
strict-transport-security: max-age=15552000; includeSubDomains
x-download-options: noopen
x-content-type-options: nosniff
x-xss-protection: 1; mode=block
content-type: application/json; charset=utf-8
X-Cloud-Trace-Context: 155c557f8947dc312bf5f7d605e68d43
Date: Sun, 24 Mar 2024 13:40:37 GMT
Server: Google Frontend
Content-Length: 45

{
    "message": "Usuário não encontrado"
}
]]></system-out>
  </testcase>
</testsuite>