<?xml version="1.0" encoding="UTF-8"?>
<testsuite xmlns:xsi="http://www.w3.org/2001/XMLSchema-instance" xsi:noNamespaceSchemaLocation="https://maven.apache.org/surefire/maven-surefire-plugin/xsd/surefire-test-report-3.0.xsd" version="3.0" name="cucumberOptions.TestRunner" time="8.633" tests="3" errors="0" skipped="0" failures="0">
  <properties>
[...]
</properties>
  <testcase name="Deve cadastrar novo usuário" classname="Usuário API" time="5.265">
    <system-out><![CDATA[Request method:	POST
Request URI:	https://serverest.dev/usuarios
Proxy:			<none>
Request params:	<none>
Query params:	<none>
Form params:	<none>
Path params:	<none>
Headers:		Accept=*/*
				Content-Type=application/json; charset=UTF-8
Cookies:		<none>
Multiparts:		<none>
Body:
{
    "nome": "Curt Jacobson",
    "email": "deon.bruen@gmail.com",
    "password": "123456",
    "administrador": "true"
}
HTTP/1.1 201 Created
access-control-allow-origin: *
x-dns-prefetch-control: off
x-frame-options: SAMEORIGIN
strict-transport-security: max-age=15552000; includeSubDomains
x-download-options: noopen
x-content-type-options: nosniff
x-xss-protection: 1; mode=block
content-type: application/json; charset=utf-8
X-Cloud-Trace-Context: 6dbc322de5de1bb215ac3f2a69c26804;o=1
Date: Sat, 27 Apr 2024 13:44:18 GMT
Server: Google Frontend
Content-Length: 82

{
    "message": "Cadastro realizado com sucesso",
    "_id": "wFvhac0tG5vqJ6TN"
}
]]></system-out>
  </testcase>
  <testcase name="Deve consultar usuário cadastrado" classname="Usuário API" time="0.93">
    <system-out><![CDATA[Request method:	POST
Request URI:	https://serverest.dev/usuarios
Proxy:			<none>
Request params:	<none>
Query params:	<none>
Form params:	<none>
Path params:	<none>
Headers:		Accept=*/*
				Content-Type=application/json; charset=UTF-8
Cookies:		<none>
Multiparts:		<none>
Body:
{
    "nome": "Ms. Liana Kris",
    "email": "shane.gutmann@gmail.com",
    "password": "123456",
    "administrador": "true"
}
HTTP/1.1 201 Created
access-control-allow-origin: *
x-dns-prefetch-control: off
x-frame-options: SAMEORIGIN
strict-transport-security: max-age=15552000; includeSubDomains
x-download-options: noopen
x-content-type-options: nosniff
x-xss-protection: 1; mode=block
content-type: application/json; charset=utf-8
X-Cloud-Trace-Context: 7cb31625639784dc3a027e6455269357
Date: Sat, 27 Apr 2024 13:44:20 GMT
Server: Google Frontend
Content-Length: 82

{
    "message": "Cadastro realizado com sucesso",
    "_id": "KWNiHlh21DZi7DCC"
}
Request method:	GET
Request URI:	https://serverest.dev/usuarios/KWNiHlh21DZi7DCC
Proxy:			<none>
Request params:	<none>
Query params:	<none>
Form params:	<none>
Path params:	<none>
Headers:		Accept=*/*
				Content-Type=application/json; charset=UTF-8
Cookies:		<none>
Multiparts:		<none>
Body:			<none>
HTTP/1.1 200 OK
access-control-allow-origin: *
x-dns-prefetch-control: off
x-frame-options: SAMEORIGIN
strict-transport-security: max-age=15552000; includeSubDomains
x-download-options: noopen
x-content-type-options: nosniff
x-xss-protection: 1; mode=block
content-type: application/json; charset=utf-8
X-Cloud-Trace-Context: 9925f4028f3c20b0fe4972952c0e4f43
Date: Sat, 27 Apr 2024 13:44:20 GMT
Server: Google Frontend
Content-Length: 158

{
    "nome": "Ms. Liana Kris",
    "email": "shane.gutmann@gmail.com",
    "password": "123456",
    "administrador": "true",
    "_id": "KWNiHlh21DZi7DCC"
}
]]></system-out>
  </testcase>
  <testcase name="Deve consultar usuário não cadastrado" classname="Usuário API" time="0.452">
    <system-out><![CDATA[Request method:	GET
Request URI:	https://serverest.dev/usuarios/XPTO
Proxy:			<none>
Request params:	<none>
Query params:	<none>
Form params:	<none>
Path params:	<none>
Headers:		Accept=*/*
				Content-Type=application/json; charset=UTF-8
Cookies:		<none>
Multiparts:		<none>
Body:			<none>
HTTP/1.1 400 Bad Request
access-control-allow-origin: *
x-dns-prefetch-control: off
x-frame-options: SAMEORIGIN
strict-transport-security: max-age=15552000; includeSubDomains
x-download-options: noopen
x-content-type-options: nosniff
x-xss-protection: 1; mode=block
content-type: application/json; charset=utf-8
X-Cloud-Trace-Context: d45a17d428aabc41368b3c12433834a4
Date: Sat, 27 Apr 2024 13:44:21 GMT
Server: Google Frontend
Content-Length: 45

{
    "message": "Usuário não encontrado"
}
]]></system-out>
  </testcase>
</testsuite>